TN:
SF:application/CreateStory.js
FN:4,(anonymous_0)
FN:4,(anonymous_1)
FNF:2
FNH:2
FNDA:2,(anonymous_0)
FNDA:2,(anonymous_1)
DA:2,2
DA:4,2
DA:5,2
DA:6,2
DA:8,0
DA:11,2
DA:13,2
LF:7
LH:6
BRDA:6,0,0,1
BRDA:6,0,1,1
BRF:2
BRH:2
end_of_record
TN:
SF:domain/Story.js
FN:4,(anonymous_0)
FN:15,(anonymous_1)
FNF:2
FNH:2
FNDA:2,(anonymous_0)
FNDA:2,(anonymous_1)
DA:1,2
DA:5,2
DA:6,2
DA:7,2
DA:8,2
DA:9,2
DA:10,2
DA:11,2
DA:15,2
DA:16,2
LF:10
LH:10
BRDA:4,0,0,0
BRF:1
BRH:0
end_of_record
TN:
SF:infrastructure/config/container.js
FN:9,(anonymous_0)
FNF:1
FNH:1
FNDA:2,(anonymous_0)
DA:1,2
DA:2,2
DA:3,2
DA:4,2
DA:5,2
DA:7,2
DA:9,2
DA:10,2
DA:16,2
DA:18,2
DA:19,2
DA:20,2
DA:22,2
LF:13
LH:13
BRF:0
BRH:0
end_of_record
TN:
SF:infrastructure/config/database.js
FN:3,(anonymous_0)
FN:11,(anonymous_1)
FN:24,(anonymous_2)
FNF:3
FNH:2
FNDA:2,(anonymous_0)
FNDA:0,(anonymous_1)
FNDA:2,(anonymous_2)
DA:1,2
DA:3,2
DA:4,2
DA:6,2
DA:11,2
DA:12,0
DA:15,0
DA:19,0
DA:24,2
DA:25,2
DA:27,2
DA:28,0
DA:31,2
LF:13
LH:9
BRDA:25,0,0,2
BRDA:25,0,1,0
BRDA:27,1,0,2
BRDA:27,1,1,0
BRDA:28,2,0,0
BRDA:28,2,1,0
BRF:6
BRH:2
end_of_record
TN:
SF:infrastructure/config/errors.js
FN:4,(anonymous_0)
FNF:1
FNH:1
FNDA:2,(anonymous_0)
DA:1,2
DA:2,2
DA:4,2
DA:5,2
DA:8,2
LF:5
LH:5
BRF:0
BRH:0
end_of_record
TN:
SF:infrastructure/config/logger.js
FN:3,(anonymous_0)
FNF:1
FNH:1
FNDA:2,(anonymous_0)
DA:1,2
DA:3,2
DA:4,2
DA:5,2
DA:11,2
DA:13,2
DA:17,2
DA:22,2
LF:8
LH:8
BRDA:8,0,0,2
BRDA:8,0,1,2
BRF:2
BRH:2
end_of_record
TN:
SF:infrastructure/repositories/StoryRepositoryInMemory.js
FN:1,(anonymous_0)
FN:5,(anonymous_1)
FNF:2
FNH:2
FNDA:1,(anonymous_0)
FNDA:2,(anonymous_1)
DA:1,2
DA:6,2
DA:7,2
DA:8,2
LF:4
LH:4
BRF:0
BRH:0
end_of_record
TN:
SF:infrastructure/webserver/errors.js
FN:1,NotFoundError
FNF:1
FNH:0
FNDA:0,NotFoundError
DA:2,0
DA:3,0
DA:4,0
DA:5,0
DA:6,0
DA:7,0
DA:9,2
DA:10,2
DA:12,2
LF:9
LH:3
BRF:0
BRH:0
end_of_record
TN:
SF:infrastructure/webserver/fastify.js
FN:7,(anonymous_0)
FN:7,(anonymous_1)
FN:8,(anonymous_2)
FN:8,(anonymous_3)
FN:10,(anonymous_4)
FN:15,(anonymous_5)
FN:16,(anonymous_6)
FN:19,(anonymous_7)
FNF:8
FNH:6
FNDA:1,(anonymous_0)
FNDA:1,(anonymous_1)
FNDA:1,(anonymous_2)
FNDA:1,(anonymous_3)
FNDA:1,(anonymous_4)
FNDA:0,(anonymous_5)
FNDA:0,(anonymous_6)
FNDA:1,(anonymous_7)
DA:1,2
DA:2,2
DA:3,2
DA:4,2
DA:5,2
DA:7,2
DA:8,2
DA:10,2
DA:11,1
DA:15,1
DA:16,1
DA:19,2
DA:20,1
DA:24,1
DA:26,1
DA:27,1
DA:28,1
DA:30,1
LF:18
LH:18
BRF:0
BRH:0
end_of_record
TN:
SF:ports/http/StoriesController.js
FN:1,(anonymous_0)
FN:2,(anonymous_1)
FNF:2
FNH:2
FNDA:1,(anonymous_0)
FNDA:2,(anonymous_1)
DA:1,2
DA:3,2
DA:4,2
DA:6,2
DA:15,2
DA:19,2
LF:6
LH:6
BRF:0
BRH:0
end_of_record
TN:
SF:ports/http/routeSchemas.js
FN:3,(anonymous_0)
FNF:1
FNH:1
FNDA:1,(anonymous_0)
DA:3,2
DA:36,2
LF:2
LH:2
BRF:0
BRH:0
end_of_record
TN:
SF:ports/http/routes.js
FN:1,(anonymous_0)
FNF:1
FNH:1
FNDA:1,(anonymous_0)
DA:1,2
LF:1
LH:1
BRF:0
BRH:0
end_of_record
